<?xml version="1.0" encoding="UTF-8"?>
<!-- Generated by org.testng.reporters.JUnitReportReporter -->
<testsuite hostname="Leloo2" failures="0" tests="1" name="com.saucedemo.test2" time="2.282" errors="0" timestamp="2024-12-11T12:21:05 ART" skipped="0">
  <testcase classname="com.saucedemo.test2" name="mi_test" time="2.282"/>
</testsuite> <!-- com.saucedemo.test2 -->
